Calculation functionality ...
Functional for SH1049518.10FU_KM231814_refs was succesfully predicted!
Functional for SH1049934.10FU_JX352363_reps was succesfully predicted!
Functional for SH1050016.10FU_JX348613_reps was succesfully predicted!
Functional for SH1051547.10FU_KY449061_refs was succesfully predicted!
Functional for SH1053082.10FU_KY104486_refs was succesfully predicted!
Functional for SH1054269.10FU_MH861849_refs was succesfully predicted!
Functional for SH1054565.10FU_MK776933_reps was succesfully predicted!
Functional for SH1054565.10FU_MK776933_reps was not predicted!
Try to change -e ...
Functional for SH1056848.10FU_MT534186_reps was succesfully predicted!
Functional for SH1056880.10FU_AF009215_reps was succesfully predicted!
Functional for SH1057500.10FU_KR154931_reps was succesfully predicted!
Functional for SH1059000.10FU_FJ440673_reps was succesfully predicted!
Functional for SH1059000.10FU_FJ440673_reps was not predicted!
Try to change -e ...
Functional for SH1059825.10FU_JX320940_reps was succesfully predicted!
Functional for SH1060511.10FU_MK432703_reps was succesfully predicted!
Functional for SH1061410.10FU_MN244200_refs was succesfully predicted!
Functional for SH1061654.10FU_UDB04497576_reps was succesfully predicted!
Functional for SH1061767.10FU_UDB0264542_reps was succesfully predicted!
Functional for SH1061947.10FU_AY690600_reps was succesfully predicted!
Functional for SH1066209.10FU_AB089366_refs was succesfully predicted!
Functional for SH1067625.10FU_FM178308_refs was succesfully predicted!
Functional for SH1070243.10FU_JN205919_refs was succesfully predicted!
Functional for SH1070275.10FU_AY243943_refs was succesfully predicted!
Functional for SH1073663.10FU_FJ430779_refs was succesfully predicted!
Functional for SH1073663.10FU_FJ430779_refs was not predicted!
Try to change -e ...
Functional for SH1074000.10FU_AF163481_reps was succesfully predicted!
Functional for SH1074027.10FU_AM114838_reps was succesfully predicted!
Functional for SH1074039.10FU_MK144279_reps was succesfully predicted!
Functional for SH1074039.10FU_MK144279_reps was not predicted!
Try to change -e ...
Functional for SH1074172.10FU_KY953087_refs was succesfully predicted!
Functional for SH1074527.10FU_EF568067_refs was succesfully predicted!
Functional for SH1076932.10FU_AF444417_refs was succesfully predicted!
Functional for SH1079092.10FU_FR748051_refs was succesfully predicted!
Functional for SH1079335.10FU_LC767279_reps was succesfully predicted!
Functional for SH1079634.10FU_UDB01647624_reps was succesfully predicted!
Functional for SH1080083.10FU_OP627191_reps was succesfully predicted!
Functional for SH1080088.10FU_DQ249199_refs was succesfully predicted!
Functional for SH1080393.10FU_JX109852_refs was succesfully predicted!
Functional for SH1080634.10FU_GU246263_refs was succesfully predicted!
Functional for SH1082298.10FU_UDB011831_refs was succesfully predicted!
Functional for SH1083411.10FU_KJ081125_reps was succesfully predicted!
Functional for SH1083411.10FU_KJ081125_reps was not predicted!
Try to change -e ...
Functional for SH1083413.10FU_AF444400_refs was succesfully predicted!
Functional for SH1083413.10FU_AF444400_refs was not predicted!
Try to change -e ...
Functional for SH1083418.10FU_AF139627_refs was succesfully predicted!
Functional for SH1083418.10FU_AF139627_refs was not predicted!
Try to change -e ...
Functional for SH1083429.10FU_AF444329_refs was succesfully predicted!
Functional for SH1083429.10FU_AF444329_refs was not predicted!
Try to change -e ...
Functional for SH1084599.10FU_FJ208851_reps was succesfully predicted!
Functional for SH1085852.10FU_KJ706829_reps was succesfully predicted!
Functional for SH1085902.10FU_AB018043_refs was succesfully predicted!
Functional for SH1085917.10FU_KJ707145_reps was succesfully predicted!
Functional for SH1087625.10FU_AB072229_refs was succesfully predicted!
Functional for SH1087629.10FU_AB072233_refs was succesfully predicted!
Functional for SH1088159.10FU_UDB0778969_refs was succesfully predicted!
Functional for SH1088853.10FU_UDB015510_refs was succesfully predicted!
Functional for SH1088860.10FU_UDB011614_refs was succesfully predicted!
Functional for SH1089530.10FU_OK052424_reps was succesfully predicted!
Functional for SH1089542.10FU_KM209325_reps was succesfully predicted!
Functional for SH1092711.10FU_KY952681_reps was succesfully predicted!
Functional for SH1092711.10FU_KY952681_reps was not predicted!
Try to change -e ...
Functional for SH1094795.10FU_FR865733_reps was succesfully predicted!
Functional for SH1094795.10FU_FR865733_reps was not predicted!
Try to change -e ...
Functional for SH1094939.10FU_KU678562_reps was succesfully predicted!
Functional for SH1094939.10FU_KU678562_reps was not predicted!
Try to change -e ...
Functional for SH1094990.10FU_KY968953_reps was succesfully predicted!
Functional for SH1094990.10FU_KY968953_reps was not predicted!
Try to change -e ...
Functional for SH1099622.10FU_UDB01559347_reps was succesfully predicted!
Functional for SH1099622.10FU_UDB01559347_reps was not predicted!
Try to change -e ...
Functional for SH1099965.10FU_LC090006_reps was succesfully predicted!
Functional for SH1099965.10FU_LC090006_reps was not predicted!
Try to change -e ...
Functional for SH1100397.10FU_MH566906_reps was succesfully predicted!
Functional for SH1100397.10FU_MH566906_reps was not predicted!
Try to change -e ...
Functional for SH1101192.10FU_OM949708_reps was succesfully predicted!
Functional for SH1101234.10FU_MW079269_reps was succesfully predicted!
Functional for SH1102587.10FU_LC766475_reps was succesfully predicted!
Functional for SH1102587.10FU_LC766475_reps was not predicted!
Try to change -e ...
Functional for SH1108338.10FU_JX233500_reps was succesfully predicted!
Functional for SH1108338.10FU_JX233500_reps was not predicted!
Try to change -e ...
Functional for SH1111410.10FU_GQ183040_reps was succesfully predicted!
Functional for SH1111410.10FU_GQ183040_reps was not predicted!
Try to change -e ...
Functional for SH1112013.10FU_KF022352_reps was succesfully predicted!
Functional for SH1115043.10FU_GQ411833_reps was succesfully predicted!
Functional for SH1115563.10FU_U46601_reps was succesfully predicted!
Functional for SH1115719.10FU_KT933756_reps was succesfully predicted!
Functional for SH1115719.10FU_KT933756_reps was not predicted!
Try to change -e ...
Functional for SH1118116.10FU_MT227676_reps was succesfully predicted!
Functional for SH1118116.10FU_MT227676_reps was not predicted!
Try to change -e ...
Functional for SH1129335.10FU_OM746321_reps was succesfully predicted!
Functional for SH1130324.10FU_ON685461_reps was succesfully predicted!
Functional for SH1135439.10FU_DQ641243_reps was succesfully predicted!
Functional for SH1135439.10FU_DQ641243_reps was not predicted!
Try to change -e ...
Functional for SH1135454.10FU_DQ641241_reps was succesfully predicted!
Functional for SH1135454.10FU_DQ641241_reps was not predicted!
Try to change -e ...
Functional for SH1135711.10FU_EF060902_reps was succesfully predicted!
Functional for SH1135711.10FU_EF060902_reps was not predicted!
Try to change -e ...
Functional for SH1135730.10FU_AJ965481_refs was succesfully predicted!
Functional for SH1135730.10FU_AJ965481_refs was not predicted!
Try to change -e ...
Functional for SH1135733.10FU_HG937178_reps was succesfully predicted!
Functional for SH1135733.10FU_HG937178_reps was not predicted!
Try to change -e ...
Functional for SH1135740.10FU_JQ753983_reps was succesfully predicted!
Functional for SH1135750.10FU_AF314985_refs was succesfully predicted!
Functional for SH1135756.10FU_AF444323_refs was succesfully predicted!
Functional for SH1135756.10FU_AF444323_refs was not predicted!
Try to change -e ...
Functional for SH1136750.10FU_OR680683_reps was succesfully predicted!
Functional for SH1136812.10FU_KJ140584_reps was succesfully predicted!
Functional for SH1137386.10FU_AB179767_refs was succesfully predicted!
Functional for SH1137578.10FU_JX121527_reps was succesfully predicted!
Functional for SH1137578.10FU_JX121527_reps was not predicted!
Try to change -e ...
Functional for SH1137685.10FU_KY911173_reps was succesfully predicted!
Functional for SH1137686.10FU_KY102328_refs was succesfully predicted!
Functional for SH1141857.10FU_KF800560_reps was succesfully predicted!
Functional for SH1141867.10FU_KJ026931_reps was succesfully predicted!
Functional for SH1141867.10FU_KJ026931_reps was not predicted!
Try to change -e ...
Functional for SH1143588.10FU_MF192789_reps was succesfully predicted!
Functional for SH1143588.10FU_MF192789_reps was not predicted!
Try to change -e ...
Functional for SH1143599.10FU_AY722421_reps was succesfully predicted!
Functional for SH1143599.10FU_AY722421_reps was not predicted!
Try to change -e ...
Functional for SH1143633.10FU_GQ268067_reps was succesfully predicted!
Functional for SH1143633.10FU_GQ268067_reps was not predicted!
Try to change -e ...
Functional for SH1146765.10FU_JN115032_reps was succesfully predicted!
Functional for SH1148565.10FU_AY875836_reps was succesfully predicted!
Functional for SH1148574.10FU_AY875815_reps was succesfully predicted!
Functional for SH1148675.10FU_UDB039776_refs was succesfully predicted!
Functional for SH1149944.10FU_UDB011478_refs was succesfully predicted!
Functional for SH1151321.10FU_HQ999978_refs was succesfully predicted!
Functional for SH1152494.10FU_MK432729_reps was succesfully predicted!
Functional for SH1153220.10FU_AB373811_reps was succesfully predicted!
Functional for SH1153227.10FU_DQ314157_reps was succesfully predicted!
Functional for SH1155654.10FU_OR500013_reps was succesfully predicted!
Functional for SH1156723.10FU_AY046218_refs was succesfully predicted!
Functional for SH1156729.10FU_KY103384_refs was succesfully predicted!
Functional for SH1158623.10FU_DQ104734_refs was succesfully predicted!
Functional for SH1163386.10FU_KF055233_reps was succesfully predicted!
Functional for SH1163386.10FU_KF055233_reps was not predicted!
Try to change -e ...
Functional for SH1164865.10FU_AY239215_refs was succesfully predicted!
Functional for SH1166314.10FU_MW740300_reps was succesfully predicted!
Functional for SH1166314.10FU_MW740300_reps was not predicted!
Try to change -e ...
Functional for SH1168696.10FU_FJ172282_reps was succesfully predicted!
Functional for SH1180444.10FU_FM998876_reps was succesfully predicted!
Functional for SH1180444.10FU_FM998876_reps was not predicted!
Try to change -e ...
Functional for SH1180729.10FU_OK166624_reps was succesfully predicted!
Functional for SH1180729.10FU_OK166624_reps was not predicted!
Try to change -e ...
Functional for SH1181223.10FU_MH252624_reps was succesfully predicted!
Functional for SH1181223.10FU_MH252624_reps was not predicted!
Try to change -e ...
Functional for SH1181227.10FU_EU833699_reps was succesfully predicted!
Functional for SH1181227.10FU_EU833699_reps was not predicted!
Try to change -e ...
Functional for SH1181344.10FU_MH252625_reps was succesfully predicted!
Functional for SH1181344.10FU_MH252625_reps was not predicted!
Try to change -e ...
Functional for SH1182933.10FU_UDB0754300_refs was succesfully predicted!
Functional for SH1182953.10FU_UDB01572139_reps was succesfully predicted!
Functional for SH1182953.10FU_UDB01572139_reps was not predicted!
Try to change -e ...
Functional for SH1189144.10FU_AY046173_reps was succesfully predicted!
Functional for SH1189363.10FU_AF444490_refs was succesfully predicted!
Functional for SH1189575.10FU_GU291271_refs was succesfully predicted!
Functional for SH1189583.10FU_OL691828_reps was succesfully predicted!
Functional for SH1189590.10FU_KM269165_reps was succesfully predicted!
Functional for SH1189598.10FU_OL691863_reps was succesfully predicted!
Functional for SH1189604.10FU_OL691876_reps was succesfully predicted!
Functional for SH1189608.10FU_OL691869_reps was succesfully predicted!
Functional for SH1192599.10FU_MK715229_reps was succesfully predicted!
Functional for SH1194939.10FU_AB935670_reps was succesfully predicted!
Functional for SH1194951.10FU_MK953683_reps was succesfully predicted!
Functional for SH1194951.10FU_MK953683_reps was not predicted!
Try to change -e ...
Functional for SH1195050.10FU_JF977058_reps was succesfully predicted!
Functional for SH1195050.10FU_JF977058_reps was not predicted!
Try to change -e ...
Functional for SH1195074.10FU_HQ331327_reps was succesfully predicted!
Functional for SH1195074.10FU_HQ331327_reps was not predicted!
Try to change -e ...
Functional for SH1195457.10FU_HM156502_refs was succesfully predicted!
Functional for SH1195525.10FU_UDB04308577_reps was succesfully predicted!
Functional for SH1195977.10FU_KF010171_reps was succesfully predicted!
Functional for SH1197301.10FU_OU940585_reps was succesfully predicted!
Functional for SH1197301.10FU_OU940585_reps was not predicted!
Try to change -e ...
Functional for SH1197890.10FU_KF751927_reps was succesfully predicted!
Functional for SH1197890.10FU_KF751927_reps was not predicted!
Try to change -e ...
Functional for SH1198304.10FU_KT380084_reps was succesfully predicted!
Functional for SH1198304.10FU_KT380084_reps was not predicted!
Try to change -e ...
Functional for SH1202264.10FU_KU515667_reps was succesfully predicted!
Functional for SH1202264.10FU_KU515667_reps was not predicted!
Try to change -e ...
Functional for SH1202266.10FU_EU266559_refs was succesfully predicted!
Functional for SH1202266.10FU_EU266559_refs was not predicted!
Try to change -e ...
Functional for SH1204217.10FU_AF444662_refs was succesfully predicted!
Functional for SH1204745.10FU_MN194615_refs was succesfully predicted!
Functional for SH1205313.10FU_KJ194370_reps was succesfully predicted!
Functional for SH1205757.10FU_AB035580_refs was succesfully predicted!
Functional for SH1205763.10FU_AF444325_refs was succesfully predicted!
Functional for SH1205797.10FU_AF444415_refs was succesfully predicted!
Functional for SH1205804.10FU_JF680900_refs was succesfully predicted!
Functional for SH1205843.10FU_AF444439_refs was succesfully predicted!
Functional for SH1205848.10FU_UDB0763421_reps was succesfully predicted!
Functional for SH1205862.10FU_AF444423_refs was succesfully predicted!
Functional for SH1205870.10FU_AF444414_refs was succesfully predicted!
Functional for SH1205878.10FU_KP974243_reps was succesfully predicted!
Functional for SH1205924.10FU_EF452449_refs was succesfully predicted!
Functional for SH1206908.10FU_KC584249_refs was succesfully predicted!
Functional for SH1206929.10FU_JX332067_reps was succesfully predicted!
Functional for SH1207325.10FU_HQ442338_refs was succesfully predicted!
Functional for SH1207620.10FU_AF444354_refs was succesfully predicted!
Functional for SH1207622.10FU_AF444373_refs was succesfully predicted!
Functional for SH1209686.10FU_JX363838_reps was succesfully predicted!
Functional for SH1212060.10FU_KY103608_reps was succesfully predicted!
Functional for SH1213088.10FU_JX389402_reps was succesfully predicted!
Functional for SH1213126.10FU_JX389267_reps was succesfully predicted!
Functional for SH1213143.10FU_JX335674_reps was succesfully predicted!
Functional for SH1213238.10FU_MT185527_refs was succesfully predicted!
Functional for SH1213338.10FU_MH862963_reps was succesfully predicted!
Functional for SH1213457.10FU_MG572357_reps was succesfully predicted!
Functional for SH1213460.10FU_JX318726_reps was succesfully predicted!
Functional for SH1215187.10FU_KP674599_reps was succesfully predicted!
Functional for SH1218022.10FU_KT933402_reps was succesfully predicted!
Functional for SH1218574.10FU_KX859709_reps was succesfully predicted!
Functional for SH1218977.10FU_GQ329853_refs was succesfully predicted!
Functional for SH1219380.10FU_EF582829_reps was succesfully predicted!
Functional for SH1219380.10FU_EF582829_reps was not predicted!
Try to change -e ...
Functional for SH1220127.10FU_GQ141705_reps was succesfully predicted!
Functional for SH1220237.10FU_AF444562_refs was succesfully predicted!
Functional for SH1220237.10FU_AF444562_refs was not predicted!
Try to change -e ...
Functional for SH1222332.10FU_KM232461_refs was succesfully predicted!
Functional for SH1222332.10FU_KM232461_refs was not predicted!
Try to change -e ...
Functional for SH1223455.10FU_OL895300_reps was succesfully predicted!
Functional for SH1223455.10FU_OL895300_reps was not predicted!
Try to change -e ...
Functional for SH1224072.10FU_KP748165_reps was succesfully predicted!
Functional for SH1227632.10FU_GU386300_reps was succesfully predicted!
Functional for SH1227632.10FU_GU386300_reps was not predicted!
Try to change -e ...
Functional for SH1228839.10FU_MG745452_reps was succesfully predicted!
Functional for SH1228839.10FU_MG745452_reps was not predicted!
Try to change -e ...
Functional for SH1228931.10FU_JF980337_reps was succesfully predicted!
Functional for SH1229033.10FU_JF978087_reps was succesfully predicted!
Functional for SH1229033.10FU_JF978087_reps was not predicted!
Try to change -e ...
Functional for SH1229105.10FU_MT937123_reps was succesfully predicted!
Functional for SH1231650.10FU_HG936985_reps was succesfully predicted!
Functional for SH1231733.10FU_GU646862_refs was succesfully predicted!
Functional for SH1231798.10FU_LC126439_reps was succesfully predicted!
Functional for SH1232286.10FU_EF652066_refs was succesfully predicted!
Functional for SH1233568.10FU_UDB016342_refs was succesfully predicted!
Functional for SH1233572.10FU_MT908580_reps was succesfully predicted!
Functional for SH1234116.10FU_KM079158_refs was succesfully predicted!
Functional for SH1234116.10FU_KM079158_refs was not predicted!
Try to change -e ...
Functional for SH1234187.10FU_HQ608015_reps was succesfully predicted!
Functional for SH1234566.10FU_HM536094_refs was succesfully predicted!
Functional for SH1234819.10FU_AY790538_refs was succesfully predicted!
Functional for SH1238440.10FU_EU144050_refs was succesfully predicted!
Functional for SH1239183.10FU_KY103663_refs was succesfully predicted!
Functional for SH1239211.10FU_KY101920_refs was succesfully predicted!
Functional for SH1239215.10FU_MK394171_refs was succesfully predicted!
Functional for SH1239220.10FU_KY105964_refs was succesfully predicted!
Functional for SH1239229.10FU_KY105958_refs was succesfully predicted!
Functional for SH1239236.10FU_KY457250_reps was succesfully predicted!
Functional for SH1240528.10FU_MT796127_reps was succesfully predicted!
Functional for SH1240528.10FU_MT796127_reps was not predicted!
Try to change -e ...
Functional for SH1241579.10FU_AB025686_refs was succesfully predicted!
Functional for SH1241579.10FU_AB025686_refs was not predicted!
Try to change -e ...
Functional for SH1242665.10FU_AM158924_refs was succesfully predicted!
Functional for SH1242666.10FU_KY101951_refs was succesfully predicted!
Functional for SH1242669.10FU_AY542871_refs was succesfully predicted!
Functional for SH1242749.10FU_OQ411075_reps was succesfully predicted!
Functional for SH1242765.10FU_EU343832_refs was succesfully predicted!
Functional for SH1242786.10FU_JN942656_refs was succesfully predicted!
Functional for SH1242802.10FU_HE799676_reps was succesfully predicted!
Functional for SH1242807.10FU_JQ867380_reps was succesfully predicted!
Functional for SH1242810.10FU_JN942657_refs was succesfully predicted!
Functional for SH1242833.10FU_UDB01604759_reps was succesfully predicted!
Functional for SH1242852.10FU_AY821840_refs was succesfully predicted!
Functional for SH1242869.10FU_EF568003_refs was succesfully predicted!
Functional for SH1242889.10FU_AM411000_reps was succesfully predicted!
Functional for SH1244020.10FU_MZ191049_reps was succesfully predicted!
Functional for SH1244146.10FU_MW915768_reps was succesfully predicted!
Functional for SH1245194.10FU_HQ876042_refs was succesfully predicted!
Functional for SH1245248.10FU_AY939798_refs was succesfully predicted!
Functional for SH1245254.10FU_KJ194361_reps was succesfully predicted!
Functional for SH1245415.10FU_UDB07249027_reps was succesfully predicted!
Functional for SH1245415.10FU_UDB07249027_reps was not predicted!
Try to change -e ...
Functional for SH1245715.10FU_KY105973_refs was succesfully predicted!
Functional for SH1249906.10FU_MH304493_reps was succesfully predicted!
Functional for SH1254031.10FU_AJ271033_refs was succesfully predicted!
Functional for SH1254631.10FU_FJ888526_refs was succesfully predicted!
Functional for SH1254633.10FU_KJ706224_reps was succesfully predicted!
Functional for SH1257625.10FU_KY945334_reps was succesfully predicted!
Functional for SH1257625.10FU_KY945334_reps was not predicted!
Try to change -e ...
Functional for SH1260423.10FU_LC195252_refs was succesfully predicted!
Functional for SH1262657.10FU_EF652036_refs was succesfully predicted!
Functional for SH1262703.10FU_KM032304_reps was succesfully predicted!
Functional for SH1262706.10FU_UDB01434307_reps was succesfully predicted!
Functional for SH1262813.10FU_JN839949_reps was succesfully predicted!
Functional for SH1263903.10FU_AY125913_reps was succesfully predicted!
Functional for SH1263903.10FU_AY125913_reps was not predicted!
Try to change -e ...
Functional for SH1263922.10FU_KM213470_reps was succesfully predicted!
Functional for SH1263922.10FU_KM213470_reps was not predicted!
Try to change -e ...
Functional for SH1263960.10FU_KM213494_reps was succesfully predicted!
Functional for SH1263960.10FU_KM213494_reps was not predicted!
Try to change -e ...
Functional for SH1264317.10FU_KY104545_refs was succesfully predicted!
Functional for SH1264317.10FU_KY104545_refs was not predicted!
Try to change -e ...
Functional for SH1264549.10FU_OR164546_reps was succesfully predicted!
Functional for SH1269478.10FU_KY307852_refs was succesfully predicted!
Functional for SH1273024.10FU_ON791166_reps was succesfully predicted!
Functional for SH1273273.10FU_AY015438_refs was succesfully predicted!
Functional for SH1273300.10FU_AY015434_refs was succesfully predicted!
Functional for SH1275417.10FU_MH014873_reps was succesfully predicted!
Functional for SH1276708.10FU_DQ249196_refs was succesfully predicted!
Functional for SH1276719.10FU_MW493245_reps was succesfully predicted!
Functional for SH1276887.10FU_MT340888_refs was succesfully predicted!
Functional for SH1277523.10FU_AJ229065_refs was succesfully predicted!
Functional for SH1277533.10FU_AY046153_refs was succesfully predicted!
Functional for SH1289974.10FU_AY604526_refs was succesfully predicted!
Functional for SH1290182.10FU_UDB0290462_reps was succesfully predicted!
Functional for SH1290182.10FU_UDB0290462_reps was not predicted!
Try to change -e ...
Functional for SH1290406.10FU_OQ316491_reps was succesfully predicted!
Functional for SH1290606.10FU_MF074791_reps was succesfully predicted!
Functional for SH1290755.10FU_KT799194_reps was succesfully predicted!
Functional for SH1292387.10FU_MZ098705_reps was succesfully predicted!
Functional for SH1292407.10FU_AB998450_reps was succesfully predicted!
Functional for SH1292433.10FU_KP027649_refs was succesfully predicted!
Functional for SH1292950.10FU_KF800320_reps was succesfully predicted!
Functional for SH1293072.10FU_KY104633_reps was succesfully predicted!
Functional for SH1293077.10FU_KY104518_refs was succesfully predicted!
Functional for SH1293245.10FU_KY104577_refs was succesfully predicted!
Functional for SH1293960.10FU_MK452261_reps was succesfully predicted!
Functional for SH1294671.10FU_MT472505_reps was succesfully predicted!
Functional for SH1295134.10FU_AY046213_refs was succesfully predicted!
Functional for SH1295149.10FU_EF568057_refs was succesfully predicted!
Functional for SH1295916.10FU_OP745414_reps was succesfully predicted!
Functional for SH1300597.10FU_OU989370_reps was succesfully predicted!
Functional for SH1300597.10FU_OU989370_reps was not predicted!
Try to change -e ...
Functional for SH1301142.10FU_KX516054_reps was succesfully predicted!
Functional for SH1302074.10FU_KX515101_reps was succesfully predicted!
Functional for SH1302765.10FU_FJ153217_refs was succesfully predicted!
Functional for SH1303695.10FU_JX320675_reps was succesfully predicted!
Functional for SH1303769.10FU_KY430562_reps was succesfully predicted!
Functional for SH1303804.10FU_AF444469_refs was succesfully predicted!
Functional for SH1303805.10FU_KF800319_reps was succesfully predicted!
Functional for SH1305966.10FU_MK128991_reps was succesfully predicted!
Functional for SH1305966.10FU_MK128991_reps was not predicted!
Try to change -e ...
Functional for SH1306317.10FU_MK086069_reps was succesfully predicted!
Functional for SH1306467.10FU_AY373933_refs was succesfully predicted!
Functional for SH1306749.10FU_MW856741_reps was succesfully predicted!
Functional for SH1307173.10FU_FJ629352_refs was succesfully predicted!
Functional for SH1307268.10FU_HQ026746_refs was succesfully predicted!
Functional for SH1307526.10FU_KU059952_reps was succesfully predicted!
Functional for SH1307679.10FU_AF138287_refs was succesfully predicted!
Functional for SH1307791.10FU_KU987889_reps was succesfully predicted!
Functional for SH1307932.10FU_MW776324_reps was succesfully predicted!
Functional for SH1307933.10FU_KY469041_reps was succesfully predicted!
Functional for SH1307989.10FU_JX372935_reps was succesfully predicted!
Functional for SH1308718.10FU_MZ027778_reps was succesfully predicted!
Functional for SH1308719.10FU_UDB07365663_reps was succesfully predicted!
Functional for SH1308937.10FU_UDB014663_reps was succesfully predicted!
Functional for SH1308999.10FU_LT594205_reps was succesfully predicted!
Functional for SH1308999.10FU_LT594205_reps was not predicted!
Try to change -e ...
Functional for SH1309019.10FU_JQ039942_reps was succesfully predicted!
Functional for SH1309020.10FU_KF181964_reps was succesfully predicted!
Functional for SH1309020.10FU_KF181964_reps was not predicted!
Try to change -e ...
Functional for SH1309774.10FU_EU877913_reps was succesfully predicted!
Functional for SH1311119.10FU_JX320504_reps was succesfully predicted!
Functional for SH1311546.10FU_HQ630301_refs was succesfully predicted!
Functional for SH1313408.10FU_AF444556_refs was succesfully predicted!
Functional for SH1315287.10FU_OL685201_reps was succesfully predicted!
Functional for SH1315348.10FU_GU134503_refs was succesfully predicted!
Functional for SH1315498.10FU_UDB028525_reps was succesfully predicted!
Functional for SH1316101.10FU_KJ180922_reps was succesfully predicted!
Functional for SH1316101.10FU_KJ180922_reps was not predicted!
Try to change -e ...
Functional for SH1316854.10FU_FM178361_reps was succesfully predicted!
Functional for SH1319136.10FU_DQ104714_refs was succesfully predicted!
Functional for SH1319154.10FU_OL653051_reps was succesfully predicted!
Functional for SH1319167.10FU_DQ104710_refs was succesfully predicted!
Functional for SH1319169.10FU_OR554031_reps was succesfully predicted!
Functional for SH1319629.10FU_EU594608_reps was succesfully predicted!
Functional for SH1319658.10FU_AF444521_refs was succesfully predicted!
Functional for SH1324109.10FU_AB470242_reps was succesfully predicted!
Functional for SH1324212.10FU_AF444381_refs was succesfully predicted!
Functional for SH1325342.10FU_UDB001113_refs was succesfully predicted!
Functional for SH1326835.10FU_KY104094_reps was succesfully predicted!
Functional for SH1329982.10FU_AF144483_refs was succesfully predicted!
Functional for SH1329985.10FU_MT505693_refs was succesfully predicted!
Functional for SH1330252.10FU_KY657572_refs was succesfully predicted!
Functional for SH1330483.10FU_AF294699_refs was succesfully predicted!
Functional for SH1330518.10FU_AY740068_refs was succesfully predicted!
Functional for SH1330519.10FU_DQ008956_refs was succesfully predicted!
Functional for SH1334504.10FU_JX331992_reps was succesfully predicted!
Functional for SH1334520.10FU_HG937035_reps was succesfully predicted!
Functional for SH1334534.10FU_OQ255923_reps was succesfully predicted!
Functional for SH1334679.10FU_LN808873_reps was succesfully predicted!
Functional for SH1334767.10FU_KT160857_reps was succesfully predicted!
Functional for SH1336599.10FU_LC228670_refs was succesfully predicted!
Functional for SH1336757.10FU_MZ048354_reps was succesfully predicted!
Functional for SH1337768.10FU_AF444627_refs was succesfully predicted!
Functional for SH1337824.10FU_KJ701206_refs was succesfully predicted!
Functional for SH1337898.10FU_KY103122_refs was succesfully predicted!
Functional for SH1338306.10FU_MG976314_reps was succesfully predicted!
Functional for SH1338306.10FU_MG976314_reps was not predicted!
Try to change -e ...
Functional for SH1338504.10FU_LN871035_reps was succesfully predicted!
Functional for SH1338507.10FU_MT974688_reps was succesfully predicted!
Functional for SH1338507.10FU_MT974688_reps was not predicted!
Try to change -e ...
Functional for SH1338627.10FU_EF568070_refs was succesfully predicted!
Functional for SH1338630.10FU_KX499461_reps was succesfully predicted!
Functional for SH1338631.10FU_FJ178185_refs was succesfully predicted!
Functional for SH1338894.10FU_MW724004_reps was succesfully predicted!
Functional for SH1338958.10FU_FJ473371_refs was succesfully predicted!
Functional for SH1339598.10FU_KJ507660_reps was succesfully predicted!
Functional for SH1341237.10FU_NR_111249_refs was succesfully predicted!
Functional for SH1341237.10FU_NR_111249_refs was not predicted!
Try to change -e ...
Functional for SH1341242.10FU_FJ768909_refs was succesfully predicted!
Functional for SH1341242.10FU_FJ768909_refs was not predicted!
Try to change -e ...
Functional for SH1342093.10FU_JQ910884_reps was succesfully predicted!
Functional for SH1342093.10FU_JQ910884_reps was not predicted!
Try to change -e ...
Functional for SH1342787.10FU_ON003475_reps was succesfully predicted!
Functional for SH1344831.10FU_OL719280_reps was succesfully predicted!
Functional for SH1344862.10FU_KU872819_reps was succesfully predicted!
Functional for SH1347030.10FU_KX287537_refs was succesfully predicted!
Functional for SH1347415.10FU_KJ504792_refs was succesfully predicted!
Functional for SH1347477.10FU_JX143583_refs was succesfully predicted!
Functional for SH1349449.10FU_AY743632_refs was succesfully predicted!
Functional for SH1350345.10FU_EU037051_refs was succesfully predicted!
Functional for SH1351443.10FU_JN710583_reps was succesfully predicted!
Functional for SH1351443.10FU_JN710583_reps was not predicted!
Try to change -e ...
Functional for SH1352130.10FU_UDB015372_refs was succesfully predicted!
Functional for SH1352589.10FU_AF050269_refs was succesfully predicted!
Functional for SH1356083.10FU_KY103578_reps was succesfully predicted!
Functional for SH1357311.10FU_AJ549822_refs was succesfully predicted!
Functional for SH1357313.10FU_MW895895_reps was succesfully predicted!
Functional for SH1357318.10FU_KY102372_reps was succesfully predicted!
Functional for SH1357433.10FU_EU714323_refs was succesfully predicted!
Functional for SH1357459.10FU_AB498940_refs was succesfully predicted!
Functional for SH1357459.10FU_AB498940_refs was not predicted!
Try to change -e ...
Functional for SH1358737.10FU_MG976303_reps was succesfully predicted!
Functional for SH1358780.10FU_FJ473373_refs was succesfully predicted!
Functional for SH1358780.10FU_FJ473373_refs was not predicted!
Try to change -e ...
Functional for SH1360775.10FU_MT199881_refs was succesfully predicted!
Functional for SH1362224.10FU_KP711058_reps was succesfully predicted!
Functional for SH1362988.10FU_AJ279985_refs was succesfully predicted!
Functional for SH1365879.10FU_MH013272_reps was succesfully predicted!
Functional for SH1371697.10FU_AY328915_refs was succesfully predicted!
Functional for SH1371705.10FU_KJ494615_refs was succesfully predicted!
Functional for SH1371713.10FU_KJ409878_refs was succesfully predicted!
Functional for SH1372008.10FU_UDB05782048_reps was succesfully predicted!
Functional for SH1372008.10FU_UDB05782048_reps was not predicted!
Try to change -e ...
Functional for SH1372624.10FU_MT236551_reps was succesfully predicted!
Functional for SH1373211.10FU_U78362_reps was succesfully predicted!
Functional for SH1373211.10FU_U78362_reps was not predicted!
Try to change -e ...
Functional for SH1373401.10FU_OR855921_reps was succesfully predicted!
Functional for SH1373401.10FU_OR855921_reps was not predicted!
Try to change -e ...
Functional for SH1374157.10FU_EF568083_refs was succesfully predicted!
Functional for SH1374192.10FU_KJ831823_reps was succesfully predicted!
Functional for SH1375209.10FU_MZ191031_reps was succesfully predicted!
Functional for SH1375220.10FU_GQ148795_reps was succesfully predicted!
Functional for SH1375220.10FU_GQ148795_reps was not predicted!
Try to change -e ...
Functional for SH1375449.10FU_OR502955_reps was succesfully predicted!
Functional for SH1375455.10FU_MW838472_reps was succesfully predicted!
Functional for SH1375455.10FU_MW838472_reps was not predicted!
Try to change -e ...
Functional for SH1378308.10FU_UDB000939_refs was succesfully predicted!
Functional for SH1378313.10FU_AY680987_refs was succesfully predicted!
Functional for SH1381989.10FU_KU163715_reps was succesfully predicted!
Functional for SH1382010.10FU_KC521541_reps was succesfully predicted!
Functional for SH1382014.10FU_AY743636_refs was succesfully predicted!
Functional for SH1382325.10FU_MK442615_refs was succesfully predicted!
Functional for SH1382505.10FU_EF567995_refs was succesfully predicted!
Functional for SH1382655.10FU_AB049123_refs was succesfully predicted!
Functional for SH1382682.10FU_MT316112_reps was succesfully predicted!
Functional for SH1384137.10FU_KY103376_refs was succesfully predicted!
Functional for SH1384840.10FU_KJ494645_reps was succesfully predicted!
Functional for SH1384840.10FU_KJ494645_reps was not predicted!
Try to change -e ...
Functional for SH1385091.10FU_UDB0836296_reps was succesfully predicted!
Functional for SH1386973.10FU_MZ146874_reps was succesfully predicted!
Functional for SH1386976.10FU_UDB035184_refs was succesfully predicted!
Functional for SH1388608.10FU_KY102038_refs was succesfully predicted!
Functional for SH1391127.10FU_DQ219433_refs was succesfully predicted!
Functional for SH1391267.10FU_KY104650_refs was succesfully predicted!
Functional for SH1392891.10FU_MZ666341_reps was succesfully predicted!
Functional for SH1392968.10FU_KJ956016_reps was succesfully predicted!
Functional for SH1392989.10FU_HG936010_reps was succesfully predicted!
Functional for SH1393052.10FU_KT758093_reps was succesfully predicted!
Functional for SH1393065.10FU_MN068407_reps was succesfully predicted!
Functional for SH1393076.10FU_UDB05237795_reps was succesfully predicted!
Functional for SH1393079.10FU_KY092531_reps was succesfully predicted!
Functional for SH1393694.10FU_KX515787_reps was succesfully predicted!
Functional for SH1393972.10FU_FJ623593_refs was succesfully predicted!
Functional for SH1393975.10FU_KM384310_reps was succesfully predicted!
Functional for SH1394829.10FU_KJ081130_reps was succesfully predicted!
Functional for SH1396294.10FU_MZ919231_reps was succesfully predicted!
Functional for SH1398154.10FU_MT537081_reps was succesfully predicted!
Functional for SH1401238.10FU_JN589121_reps was succesfully predicted!
Functional for SH1401238.10FU_JN589121_reps was not predicted!
Try to change -e ...
Functional for SH1401900.10FU_JX350956_reps was succesfully predicted!
Functional for SH1402467.10FU_MW023931_reps was succesfully predicted!
Functional for SH1402557.10FU_GU321089_refs was succesfully predicted!
Functional for SH1402557.10FU_GU321089_refs was not predicted!
Try to change -e ...
Functional for SH1402560.10FU_FM178254_refs was succesfully predicted!
Functional for SH1407783.10FU_UDB014611_reps was succesfully predicted!
Functional for SH1407783.10FU_UDB014611_reps was not predicted!
Try to change -e ...
Functional for SH1409067.10FU_OR673891_reps was succesfully predicted!
Functional for SH1409113.10FU_KY568986_refs was succesfully predicted!
Functional for SH1409150.10FU_JX348083_reps was succesfully predicted!
Functional for SH1409150.10FU_JX348083_reps was not predicted!
Try to change -e ...
Functional for SH1409562.10FU_AY500375_refs was succesfully predicted!
Functional for SH1410013.10FU_AF444575_refs was succesfully predicted!
Functional for SH1410064.10FU_AF444564_refs was succesfully predicted!
Functional for SH1412927.10FU_UDB014259_refs was succesfully predicted!
Functional for SH1414196.10FU_JX319889_reps was succesfully predicted!
Functional for SH1414262.10FU_JX322617_reps was succesfully predicted!
Functional for SH1414427.10FU_KX281175_reps was succesfully predicted!
Functional for SH1419285.10FU_KJ180599_reps was succesfully predicted!
Functional for SH1429283.10FU_JX159653_reps was succesfully predicted!
Functional was predicted for 78.98550724637681% of all fungies.
Job is done!
